998 1002 
998 1002 
998 1002 
993 998 1002 
993
987
985
0
1
985 987 993 998 1002 
985
985
978
1002
978
978 985 987 993 998 1002 
978
1002
978 985 987 993 998 1002 
1002
978 985 987 993 998 1002 
978 985 987 993 998 1002 
0
1
1002
962
1002
0
1002
0
965
0
953 965 978 985 987 993 998 1002 
953 965 978 985 987 993 998 1002 
0
949 953 965 978 985 987 993 998 1002 
0
944 945 953 965 978 985 987 993 998 1002 
944
1002
944 945 953 965 978 985 987 993 998 1002 
944
0
935 944 945 953 965 978 985 987 993 998 1002 
935 944 945 953 965 978 985 987 993 998 1002 
932
1002
1002
926
926
1002
926
920
920
920 926 927 932 935 944 945 953 965 978 985 987 993 998 1002 
920 926 927 932 935 944 945 953 965 978 985 987 993 998 1002 
920 926 927 932 935 944 945 953 965 978 985 987 993 998 1002 
920 926 927 932 935 944 945 953 965 978 985 987 993 998 1002 
920 926 927 932 935 944 945 953 965 978 985 987 993 998 1002 
920
0
1002
1002
920
1002
0
0
920
0
920 926 927 932 935 944 945 953 965 978 985 987 993 998 1002 
0
1002
920 926 927 932 935 944 945 953 965 978 985 987 993 998 1002 
920
920 926 927 932 935 944 945 953 965 978 985 987 993 998 1002 
1002
892
892 920 926 927 932 935 944 945 953 965 978 985 987 993 998 1002 
1002
892
0
0
892
892 920 926 927 932 935 944 945 953 965 978 985 987 993 998 1002 
0
1002
1002
0
0
1002
1
869 873 880 892 920 926 927 932 935 944 945 953 965 978 985 987 993 998 1002 
869
0
1002
1002
1002
0
869 873 880 892 920 926 927 932 935 944 945 953 965 978 985 987 993 998 1002 
869
0
869
0
869
0
850
1002
850 869 873 880 892 920 926 927 932 935 944 945 953 965 978 985 987 993 998 1002 
0
0
842
0
0
839 842 845 850 869 873 880 892 920 926 927 932 935 944 945 953 965 978 985 987 993 998 1002 
839 842 845 850 869 873 880 892 920 926 927 932 935 944 945 953 965 978 985 987 993 998 1002 
0
1002
1002
829
1
1002
829
829 831 839 842 845 850 869 873 880 892 920 926 927 932 935 944 945 953 965 978 985 987 993 998 1002 
821 829 831 839 842 845 850 869 873 880 892 920 926 927 932 935 944 945 953 965 978 985 987 993 998 1002 
829
1002
829
812
812
1002
812
1002
0
0
812 813 829 831 839 842 845 850 869 873 880 892 920 926 927 932 935 944 945 953 965 978 985 987 993 998 1002 
1002
812
812
0
812 813 829 831 839 842 845 850 869 873 880 892 920 926 927 932 935 944 945 953 965 978 985 987 993 998 1002 
0
812
0
812
812
1002
1
1002
788
1002
1002
1002
778
778 788 812 813 829 831 839 842 845 850 869 873 880 892 920 926 927 932 935 944 945 953 965 978 985 987 993 998 1002 
1002
1002
773 778 788 812 813 829 831 839 842 845 850 869 873 880 892 920 926 927 932 935 944 945 953 965 978 985 987 993 998 1002 
773
773
773
1002
773 778 788 812 813 829 831 839 842 845 850 869 873 880 892 920 926 927 932 935 944 945 953 965 978 985 987 993 998 1002 
773
773
773 778 788 812 813 829 831 839 842 845 850 869 873 880 892 920 926 927 932 935 944 945 953 965 978 985 987 993 998 1002 
762
1002
1002
1002
1002
0
754 758 773 778 788 812 813 829 831 839 842 845 850 869 873 880 892 920 926 927 932 935 944 945 953 965 978 985 987 993 998 1002 
1002
758
758 773 778 788 812 813 829 831 839 842 845 850 869 873 880 892 920 926 927 932 935 944 945 953 965 978 985 987 993 998 1002 
1002
758
1002
758
0
739
739
1002
735 739 740 758 773 778 788 812 813 829 831 839 842 845 850 869 873 880 892 920 926 927 932 935 944 945 953 965 978 985 987 993 998 1002 
735 739 740 758 773 778 788 812 813 829 831 839 842 845 850 869 873 880 892 920 926 927 932 935 944 945 953 965 978 985 987 993 998 1002 
735 739 740 758 773 778 788 812 813 829 831 839 842 845 850 869 873 880 892 920 926 927 932 935 944 945 953 965 978 985 987 993 998 1002 
735 739 740 758 773 778 788 812 813 829 831 839 842 845 850 869 873 880 892 920 926 927 932 935 944 945 953 965 978 985 987 993 998 1002 
730
730 735 739 740 758 773 778 788 812 813 829 831 839 842 845 850 869 873 880 892 920 926 927 932 935 944 945 953 965 978 985 987 993 998 1002 
727 730 735 739 740 758 773 778 788 812 813 829 831 839 842 845 850 869 873 880 892 920 926 927 932 935 944 945 953 965 978 985 987 993 998 1002 
727
1002
1002
727
727 730 735 739 740 758 773 778 788 812 813 829 831 839 842 845 850 869 873 880 892 920 926 927 932 935 944 945 953 965 978 985 987 993 998 1002 
0
716 727 730 735 739 740 758 773 778 788 812 813 829 831 839 842 845 850 869 873 880 892 920 926 927 932 935 944 945 953 965 978 985 987 993 998 1002 
1002
1002
712 716 727 730 735 739 740 758 773 778 788 812 813 829 831 839 842 845 850 869 873 880 892 920 926 927 932 935 944 945 953 965 978 985 987 993 998 1002 
1002
1002
1002
1002
1002
701
701
701 703 704 705 707 712 716 727 730 735 739 740 758 773 778 788 812 813 829 831 839 842 845 850 869 873 880 892 920 926 927 932 935 944 945 953 965 978 985 987 993 998 1002 
1002
701 703 704 705 707 712 716 727 730 735 739 740 758 773 778 788 812 813 829 831 839 842 845 850 869 873 880 892 920 926 927 932 935 944 945 953 965 978 985 987 993 998 1002 
0
0
701
701
701
684 701 703 704 705 707 712 716 727 730 735 739 740 758 773 778 788 812 813 829 831 839 842 845 850 869 873 880 892 920 926 927 932 935 944 945 953 965 978 985 987 993 998 1002 
684 701 703 704 705 707 712 716 727 730 735 739 740 758 773 778 788 812 813 829 831 839 842 845 850 869 873 880 892 920 926 927 932 935 944 945 953 965 978 985 987 993 998 1002 
681 684 701 703 704 705 707 712 716 727 730 735 739 740 758 773 778 788 812 813 829 831 839 842 845 850 869 873 880 892 920 926 927 932 935 944 945 953 965 978 985 987 993 998 1002 
1002
1002
0
0
1002
675 681 684 701 703 704 705 707 712 716 727 730 735 739 740 758 773 778 788 812 813 829 831 839 842 845 850 869 873 880 892 920 926 927 932 935 944 945 953 965 978 985 987 993 998 1002 
1002
1
669
669
0
0
660
1002
660
660 669 670 675 681 684 701 703 704 705 707 712 716 727 730 735 739 740 758 773 778 788 812 813 829 831 839 842 845 850 869 873 880 892 920 926 927 932 935 944 945 953 965 978 985 987 993 998 1002 
654 655 660 669 670 675 681 684 701 703 704 705 707 712 716 727 730 735 739 740 758 773 778 788 812 813 829 831 839 842 845 850 869 873 880 892 920 926 927 932 935 944 945 953 965 978 985 987 993 998 1002 
654
654 655 660 669 670 675 681 684 701 703 704 705 707 712 716 727 730 735 739 740 758 773 778 788 812 813 829 831 839 842 845 850 869 873 880 892 920 926 927 932 935 944 945 953 965 978 985 987 993 998 1002 
1002
0
654
644
1002
644
0
1002
644
636 637 644 654 655 660 669 670 675 681 684 701 703 704 705 707 712 716 727 730 735 739 740 758 773 778 788 812 813 829 831 839 842 845 850 869 873 880 892 920 926 927 932 935 944 945 953 965 978 985 987 993 998 1002 
1002
0
644
644 654 655 660 669 670 675 681 684 701 703 704 705 707 712 716 727 730 735 739 740 758 773 778 788 812 813 829 831 839 842 845 850 869 873 880 892 920 926 927 932 935 944 945 953 965 978 985 987 993 998 1002 
644
0
1002
622 623 625 627 644 654 655 660 669 670 675 681 684 701 703 704 705 707 712 716 727 730 735 739 740 758 773 778 788 812 813 829 831 839 842 845 850 869 873 880 892 920 926 927 932 935 944 945 953 965 978 985 987 993 998 1002 
1
0
622 623 625 627 644 654 655 660 669 670 675 681 684 701 703 704 705 707 712 716 727 730 735 739 740 758 773 778 788 812 813 829 831 839 842 845 850 869 873 880 892 920 926 927 932 935 944 945 953 965 978 985 987 993 998 1002 
1002
622
0
622
1002
1002
610
622 623 625 627 644 654 655 660 669 670 675 681 684 701 703 704 705 707 712 716 727 730 735 739 740 758 773 778 788 812 813 829 831 839 842 845 850 869 873 880 892 920 926 927 932 935 944 945 953 965 978 985 987 993 998 1002 
604 622 623 625 627 644 654 655 660 669 670 675 681 684 701 703 704 705 707 712 716 727 730 735 739 740 758 773 778 788 812 813 829 831 839 842 845 850 869 873 880 892 920 926 927 932 935 944 945 953 965 978 985 987 993 998 1002 
604
604 622 623 625 627 644 654 655 660 669 670 675 681 684 701 703 704 705 707 712 716 727 730 735 739 740 758 773 778 788 812 813 829 831 839 842 845 850 869 873 880 892 920 926 927 932 935 944 945 953 965 978 985 987 993 998 1002 
604 622 623 625 627 644 654 655 660 669 670 675 681 684 701 703 704 705 707 712 716 727 730 735 739 740 758 773 778 788 812 813 829 831 839 842 845 850 869 873 880 892 920 926 927 932 935 944 945 953 965 978 985 987 993 998 1002 
1002
0
0
0
1002
604
1002
1002
1002
604
586 587 604 622 623 625 627 644 654 655 660 669 670 675 681 684 701 703 704 705 707 712 716 727 730 735 739 740 758 773 778 788 812 813 829 831 839 842 845 850 869 873 880 892 920 926 927 932 935 944 945 953 965 978 985 987 993 998 1002 
0
581 604 622 623 625 627 644 654 655 660 669 670 675 681 684 701 703 704 705 707 712 716 727 730 735 739 740 758 773 778 788 812 813 829 831 839 842 845 850 869 873 880 892 920 926 927 932 935 944 945 953 965 978 985 987 993 998 1002 
579 581 604 622 623 625 627 644 654 655 660 669 670 675 681 684 701 703 704 705 707 712 716 727 730 735 739 740 758 773 778 788 812 813 829 831 839 842 845 850 869 873 880 892 920 926 927 932 935 944 945 953 965 978 985 987 993 998 1002 
1
1002
1
0
577
577 579 581 604 622 623 625 627 644 654 655 660 669 670 675 681 684 701 703 704 705 707 712 716 727 730 735 739 740 758 773 778 788 812 813 829 831 839 842 845 850 869 873 880 892 920 926 927 932 935 944 945 953 965 978 985 987 993 998 1002 
569 577 579 581 604 622 623 625 627 644 654 655 660 669 670 675 681 684 701 703 704 705 707 712 716 727 730 735 739 740 758 773 778 788 812 813 829 831 839 842 845 850 869 873 880 892 920 926 927 932 935 944 945 953 965 978 985 987 993 998 1002 
565
0
1002
565 577 579 581 604 622 623 625 627 644 654 655 660 669 670 675 681 684 701 703 704 705 707 712 716 727 730 735 739 740 758 773 778 788 812 813 829 831 839 842 845 850 869 873 880 892 920 926 927 932 935 944 945 953 965 978 985 987 993 998 1002 
559 565 577 579 581 604 622 623 625 627 644 654 655 660 669 670 675 681 684 701 703 704 705 707 712 716 727 730 735 739 740 758 773 778 788 812 813 829 831 839 842 845 850 869 873 880 892 920 926 927 932 935 944 945 953 965 978 985 987 993 998 1002 
0
556 559 565 577 579 581 604 622 623 625 627 644 654 655 660 669 670 675 681 684 701 703 704 705 707 712 716 727 730 735 739 740 758 773 778 788 812 813 829 831 839 842 845 850 869 873 880 892 920 926 927 932 935 944 945 953 965 978 985 987 993 998 1002 
1002
0
1002
1002
0
1002
1002
553
1002
553 556 559 565 577 579 581 604 622 623 625 627 644 654 655 660 669 670 675 681 684 701 703 704 705 707 712 716 727 730 735 739 740 758 773 778 788 812 813 829 831 839 842 845 850 869 873 880 892 920 926 927 932 935 944 945 953 965 978 985 987 993 998 1002 
553 556 559 565 577 579 581 604 622 623 625 627 644 654 655 660 669 670 675 681 684 701 703 704 705 707 712 716 727 730 735 739 740 758 773 778 788 812 813 829 831 839 842 845 850 869 873 880 892 920 926 927 932 935 944 945 953 965 978 985 987 993 998 1002 
553 556 559 565 577 579 581 604 622 623 625 627 644 654 655 660 669 670 675 681 684 701 703 704 705 707 712 716 727 730 735 739 740 758 773 778 788 812 813 829 831 839 842 845 850 869 873 880 892 920 926 927 932 935 944 945 953 965 978 985 987 993 998 1002 
1002
553
553
1002
1002
553
1002
553 556 559 565 577 579 581 604 622 623 625 627 644 654 655 660 669 670 675 681 684 701 703 704 705 707 712 716 727 730 735 739 740 758 773 778 788 812 813 829 831 839 842 845 850 869 873 880 892 920 926 927 932 935 944 945 953 965 978 985 987 993 998 1002 
553 556 559 565 577 579 581 604 622 623 625 627 644 654 655 660 669 670 675 681 684 701 703 704 705 707 712 716 727 730 735 739 740 758 773 778 788 812 813 829 831 839 842 845 850 869 873 880 892 920 926 927 932 935 944 945 953 965 978 985 987 993 998 1002 
553 556 559 565 577 579 581 604 622 623 625 627 644 654 655 660 669 670 675 681 684 701 703 704 705 707 712 716 727 730 735 739 740 758 773 778 788 812 813 829 831 839 842 845 850 869 873 880 892 920 926 927 932 935 944 945 953 965 978 985 987 993 998 1002 
1002
1002
528
528
0
521
1002
1002
521 528 553 556 559 565 577 579 581 604 622 623 625 627 644 654 655 660 669 670 675 681 684 701 703 704 705 707 712 716 727 730 735 739 740 758 773 778 788 812 813 829 831 839 842 845 850 869 873 880 892 920 926 927 932 935 944 945 953 965 978 985 987 993 998 1002 
521 528 553 556 559 565 577 579 581 604 622 623 625 627 644 654 655 660 669 670 675 681 684 701 703 704 705 707 712 716 727 730 735 739 740 758 773 778 788 812 813 829 831 839 842 845 850 869 873 880 892 920 926 927 932 935 944 945 953 965 978 985 987 993 998 1002 
1002
515
515
0
0
515 521 528 553 556 559 565 577 579 581 604 622 623 625 627 644 654 655 660 669 670 675 681 684 701 703 704 705 707 712 716 727 730 735 739 740 758 773 778 788 812 813 829 831 839 842 845 850 869 873 880 892 920 926 927 932 935 944 945 953 965 978 985 987 993 998 1002 
515
515
515
0
503
1002
1002
0
1002
0
496
1002
503 515 521 528 553 556 559 565 577 579 581 604 622 623 625 627 644 654 655 660 669 670 675 681 684 701 703 704 705 707 712 716 727 730 735 739 740 758 773 778 788 812 813 829 831 839 842 845 850 869 873 880 892 920 926 927 932 935 944 945 953 965 978 985 987 993 998 1002 
503 515 521 528 553 556 559 565 577 579 581 604 622 623 625 627 644 654 655 660 669 670 675 681 684 701 703 704 705 707 712 716 727 730 735 739 740 758 773 778 788 812 813 829 831 839 842 845 850 869 873 880 892 920 926 927 932 935 944 945 953 965 978 985 987 993 998 1002 
503 515 521 528 553 556 559 565 577 579 581 604 622 623 625 627 644 654 655 660 669 670 675 681 684 701 703 704 705 707 712 716 727 730 735 739 740 758 773 778 788 812 813 829 831 839 842 845 850 869 873 880 892 920 926 927 932 935 944 945 953 965 978 985 987 993 998 1002 
1002
503
0
503 515 521 528 553 556 559 565 577 579 581 604 622 623 625 627 644 654 655 660 669 670 675 681 684 701 703 704 705 707 712 716 727 730 735 739 740 758 773 778 788 812 813 829 831 839 842 845 850 869 873 880 892 920 926 927 932 935 944 945 953 965 978 985 987 993 998 1002 
1002
0
503 515 521 528 553 556 559 565 577 579 581 604 622 623 625 627 644 654 655 660 669 670 675 681 684 701 703 704 705 707 712 716 727 730 735 739 740 758 773 778 788 812 813 829 831 839 842 845 850 869 873 880 892 920 926 927 932 935 944 945 953 965 978 985 987 993 998 1002 
503
503 515 521 528 553 556 559 565 577 579 581 604 622 623 625 627 644 654 655 660 669 670 675 681 684 701 703 704 705 707 712 716 727 730 735 739 740 758 773 778 788 812 813 829 831 839 842 845 850 869 873 880 892 920 926 927 932 935 944 945 953 965 978 985 987 993 998 1002 
503 515 521 528 553 556 559 565 577 579 581 604 622 623 625 627 644 654 655 660 669 670 675 681 684 701 703 704 705 707 712 716 727 730 735 739 740 758 773 778 788 812 813 829 831 839 842 845 850 869 873 880 892 920 926 927 932 935 944 945 953 965 978 985 987 993 998 1002 
503
1002
471 503 515 521 528 553 556 559 565 577 579 581 604 622 623 625 627 644 654 655 660 669 670 675 681 684 701 703 704 705 707 712 716 727 730 735 739 740 758 773 778 788 812 813 829 831 839 842 845 850 869 873 880 892 920 926 927 932 935 944 945 953 965 978 985 987 993 998 1002 
1
0
467
0
467
467
0
456 457 467 471 503 515 521 528 553 556 559 565 577 579 581 604 622 623 625 627 644 654 655 660 669 670 675 681 684 701 703 704 705 707 712 716 727 730 735 739 740 758 773 778 788 812 813 829 831 839 842 845 850 869 873 880 892 920 926 927 932 935 944 945 953 965 978 985 987 993 998 1002 
1002
456 457 467 471 503 515 521 528 553 556 559 565 577 579 581 604 622 623 625 627 644 654 655 660 669 670 675 681 684 701 703 704 705 707 712 716 727 730 735 739 740 758 773 778 788 812 813 829 831 839 842 845 850 869 873 880 892 920 926 927 932 935 944 945 953 965 978 985 987 993 998 1002 
456 457 467 471 503 515 521 528 553 556 559 565 577 579 581 604 622 623 625 627 644 654 655 660 669 670 675 681 684 701 703 704 705 707 712 716 727 730 735 739 740 758 773 778 788 812 813 829 831 839 842 845 850 869 873 880 892 920 926 927 932 935 944 945 953 965 978 985 987 993 998 1002 
456
456
456
456 457 467 471 503 515 521 528 553 556 559 565 577 579 581 604 622 623 625 627 644 654 655 660 669 670 675 681 684 701 703 704 705 707 712 716 727 730 735 739 740 758 773 778 788 812 813 829 831 839 842 845 850 869 873 880 892 920 926 927 932 935 944 945 953 965 978 985 987 993 998 1002 
1002
1
0
1002
432
0
428 435 436 439 440 443 456 457 467 471 503 515 521 528 553 556 559 565 577 579 581 604 622 623 625 627 644 654 655 660 669 670 675 681 684 701 703 704 705 707 712 716 727 730 735 739 740 758 773 778 788 812 813 829 831 839 842 845 850 869 873 880 892 920 926 927 932 935 944 945 953 965 978 985 987 993 998 1002 
1002
428 435 436 439 440 443 456 457 467 471 503 515 521 528 553 556 559 565 577 579 581 604 622 623 625 627 644 654 655 660 669 670 675 681 684 701 703 704 705 707 712 716 727 730 735 739 740 758 773 778 788 812 813 829 831 839 842 845 850 869 873 880 892 920 926 927 932 935 944 945 953 965 978 985 987 993 998 1002 
428
428
428 435 436 439 440 443 456 457 467 471 503 515 521 528 553 556 559 565 577 579 581 604 622 623 625 627 644 654 655 660 669 670 675 681 684 701 703 704 705 707 712 716 727 730 735 739 740 758 773 778 788 812 813 829 831 839 842 845 850 869 873 880 892 920 926 927 932 935 944 945 953 965 978 985 987 993 998 1002 
428
0
1002
1002
412
1002
1002
0
406
406
403
406 412 415 416 428 435 436 439 440 443 456 457 467 471 503 515 521 528 553 556 559 565 577 579 581 604 622 623 625 627 644 654 655 660 669 670 675 681 684 701 703 704 705 707 712 716 727 730 735 739 740 758 773 778 788 812 813 829 831 839 842 845 850 869 873 880 892 920 926 927 932 935 944 945 953 965 978 985 987 993 998 1002 
406
1002
397 406 412 415 416 428 435 436 439 440 443 456 457 467 471 503 515 521 528 553 556 559 565 577 579 581 604 622 623 625 627 644 654 655 660 669 670 675 681 684 701 703 704 705 707 712 716 727 730 735 739 740 758 773 778 788 812 813 829 831 839 842 845 850 869 873 880 892 920 926 927 932 935 944 945 953 965 978 985 987 993 998 1002 
397 406 412 415 416 428 435 436 439 440 443 456 457 467 471 503 515 521 528 553 556 559 565 577 579 581 604 622 623 625 627 644 654 655 660 669 670 675 681 684 701 703 704 705 707 712 716 727 730 735 739 740 758 773 778 788 812 813 829 831 839 842 845 850 869 873 880 892 920 926 927 932 935 944 945 953 965 978 985 987 993 998 1002 
0
0
1002
391 397 406 412 415 416 428 435 436 439 440 443 456 457 467 471 503 515 521 528 553 556 559 565 577 579 581 604 622 623 625 627 644 654 655 660 669 670 675 681 684 701 703 704 705 707 712 716 727 730 735 739 740 758 773 778 788 812 813 829 831 839 842 845 850 869 873 880 892 920 926 927 932 935 944 945 953 965 978 985 987 993 998 1002 
391 397 406 412 415 416 428 435 436 439 440 443 456 457 467 471 503 515 521 528 553 556 559 565 577 579 581 604 622 623 625 627 644 654 655 660 669 670 675 681 684 701 703 704 705 707 712 716 727 730 735 739 740 758 773 778 788 812 813 829 831 839 842 845 850 869 873 880 892 920 926 927 932 935 944 945 953 965 978 985 987 993 998 1002 
0
391
391 397 406 412 415 416 428 435 436 439 440 443 456 457 467 471 503 515 521 528 553 556 559 565 577 579 581 604 622 623 625 627 644 654 655 660 669 670 675 681 684 701 703 704 705 707 712 716 727 730 735 739 740 758 773 778 788 812 813 829 831 839 842 845 850 869 873 880 892 920 926 927 932 935 944 945 953 965 978 985 987 993 998 1002 
391
391 397 406 412 415 416 428 435 436 439 440 443 456 457 467 471 503 515 521 528 553 556 559 565 577 579 581 604 622 623 625 627 644 654 655 660 669 670 675 681 684 701 703 704 705 707 712 716 727 730 735 739 740 758 773 778 788 812 813 829 831 839 842 845 850 869 873 880 892 920 926 927 932 935 944 945 953 965 978 985 987 993 998 1002 
391
0
391 397 406 412 415 416 428 435 436 439 440 443 456 457 467 471 503 515 521 528 553 556 559 565 577 579 581 604 622 623 625 627 644 654 655 660 669 670 675 681 684 701 703 704 705 707 712 716 727 730 735 739 740 758 773 778 788 812 813 829 831 839 842 845 850 869 873 880 892 920 926 927 932 935 944 945 953 965 978 985 987 993 998 1002 
391 397 406 412 415 416 428 435 436 439 440 443 456 457 467 471 503 515 521 528 553 556 559 565 577 579 581 604 622 623 625 627 644 654 655 660 669 670 675 681 684 701 703 704 705 707 712 716 727 730 735 739 740 758 773 778 788 812 813 829 831 839 842 845 850 869 873 880 892 920 926 927 932 935 944 945 953 965 978 985 987 993 998 1002 
391
0
391 397 406 412 415 416 428 435 436 439 440 443 456 457 467 471 503 515 521 528 553 556 559 565 577 579 581 604 622 623 625 627 644 654 655 660 669 670 675 681 684 701 703 704 705 707 712 716 727 730 735 739 740 758 773 778 788 812 813 829 831 839 842 845 850 869 873 880 892 920 926 927 932 935 944 945 953 965 978 985 987 993 998 1002 
0
1002
1002
1002
391
1002
391
1002
1
1002
1002
361
353 361 362 391 397 406 412 415 416 428 435 436 439 440 443 456 457 467 471 503 515 521 528 553 556 559 565 577 579 581 604 622 623 625 627 644 654 655 660 669 670 675 681 684 701 703 704 705 707 712 716 727 730 735 739 740 758 773 778 788 812 813 829 831 839 842 845 850 869 873 880 892 920 926 927 932 935 944 945 953 965 978 985 987 993 998 1002 
0
353
353
353 361 362 391 397 406 412 415 416 428 435 436 439 440 443 456 457 467 471 503 515 521 528 553 556 559 565 577 579 581 604 622 623 625 627 644 654 655 660 669 670 675 681 684 701 703 704 705 707 712 716 727 730 735 739 740 758 773 778 788 812 813 829 831 839 842 845 850 869 873 880 892 920 926 927 932 935 944 945 953 965 978 985 987 993 998 1002 
0
353
353 361 362 391 397 406 412 415 416 428 435 436 439 440 443 456 457 467 471 503 515 521 528 553 556 559 565 577 579 581 604 622 623 625 627 644 654 655 660 669 670 675 681 684 701 703 704 705 707 712 716 727 730 735 739 740 758 773 778 788 812 813 829 831 839 842 845 850 869 873 880 892 920 926 927 932 935 944 945 953 965 978 985 987 993 998 1002 
343 353 361 362 391 397 406 412 415 416 428 435 436 439 440 443 456 457 467 471 503 515 521 528 553 556 559 565 577 579 581 604 622 623 625 627 644 654 655 660 669 670 675 681 684 701 703 704 705 707 712 716 727 730 735 739 740 758 773 778 788 812 813 829 831 839 842 845 850 869 873 880 892 920 926 927 932 935 944 945 953 965 978 985 987 993 998 1002 
1002
1
343
0
1002
343 353 361 362 391 397 406 412 415 416 428 435 436 439 440 443 456 457 467 471 503 515 521 528 553 556 559 565 577 579 581 604 622 623 625 627 644 654 655 660 669 670 675 681 684 701 703 704 705 707 712 716 727 730 735 739 740 758 773 778 788 812 813 829 831 839 842 845 850 869 873 880 892 920 926 927 932 935 944 945 953 965 978 985 987 993 998 1002 
1002
0
0
0
1002
1002
343 353 361 362 391 397 406 412 415 416 428 435 436 439 440 443 456 457 467 471 503 515 521 528 553 556 559 565 577 579 581 604 622 623 625 627 644 654 655 660 669 670 675 681 684 701 703 704 705 707 712 716 727 730 735 739 740 758 773 778 788 812 813 829 831 839 842 845 850 869 873 880 892 920 926 927 932 935 944 945 953 965 978 985 987 993 998 1002 
1002
343 353 361 362 391 397 406 412 415 416 428 435 436 439 440 443 456 457 467 471 503 515 521 528 553 556 559 565 577 579 581 604 622 623 625 627 644 654 655 660 669 670 675 681 684 701 703 704 705 707 712 716 727 730 735 739 740 758 773 778 788 812 813 829 831 839 842 845 850 869 873 880 892 920 926 927 932 935 944 945 953 965 978 985 987 993 998 1002 
343
343
321
1002
321
321
1002
314 316 321 343 353 361 362 391 397 406 412 415 416 428 435 436 439 440 443 456 457 467 471 503 515 521 528 553 556 559 565 577 579 581 604 622 623 625 627 644 654 655 660 669 670 675 681 684 701 703 704 705 707 712 716 727 730 735 739 740 758 773 778 788 812 813 829 831 839 842 845 850 869 873 880 892 920 926 927 932 935 944 945 953 965 978 985 987 993 998 1002 
1002
314 316 321 343 353 361 362 391 397 406 412 415 416 428 435 436 439 440 443 456 457 467 471 503 515 521 528 553 556 559 565 577 579 581 604 622 623 625 627 644 654 655 660 669 670 675 681 684 701 703 704 705 707 712 716 727 730 735 739 740 758 773 778 788 812 813 829 831 839 842 845 850 869 873 880 892 920 926 927 932 935 944 945 953 965 978 985 987 993 998 1002 
314
1002
314
1002
314
314
0
0
314
0
314
1002
1002
296
296 298 314 316 321 343 353 361 362 391 397 406 412 415 416 428 435 436 439 440 443 456 457 467 471 503 515 521 528 553 556 559 565 577 579 581 604 622 623 625 627 644 654 655 660 669 670 675 681 684 701 703 704 705 707 712 716 727 730 735 739 740 758 773 778 788 812 813 829 831 839 842 845 850 869 873 880 892 920 926 927 932 935 944 945 953 965 978 985 987 993 998 1002 
291
1002
289 291 296 298 314 316 321 343 353 361 362 391 397 406 412 415 416 428 435 436 439 440 443 456 457 467 471 503 515 521 528 553 556 559 565 577 579 581 604 622 623 625 627 644 654 655 660 669 670 675 681 684 701 703 704 705 707 712 716 727 730 735 739 740 758 773 778 788 812 813 829 831 839 842 845 850 869 873 880 892 920 926 927 932 935 944 945 953 965 978 985 987 993 998 1002 
291
291
0
1002
1002
0
0
0
281
0
281
1002
1002
267
1002
1
263 267 270 281 291 296 298 314 316 321 343 353 361 362 391 397 406 412 415 416 428 435 436 439 440 443 456 457 467 471 503 515 521 528 553 556 559 565 577 579 581 604 622 623 625 627 644 654 655 660 669 670 675 681 684 701 703 704 705 707 712 716 727 730 735 739 740 758 773 778 788 812 813 829 831 839 842 845 850 869 873 880 892 920 926 927 932 935 944 945 953 965 978 985 987 993 998 1002 
1002
0
0
1002
0
244
244
241 244 245 248 260 263 267 270 281 291 296 298 314 316 321 343 353 361 362 391 397 406 412 415 416 428 435 436 439 440 443 456 457 467 471 503 515 521 528 553 556 559 565 577 579 581 604 622 623 625 627 644 654 655 660 669 670 675 681 684 701 703 704 705 707 712 716 727 730 735 739 740 758 773 778 788 812 813 829 831 839 842 845 850 869 873 880 892 920 926 927 932 935 944 945 953 965 978 985 987 993 998 1002 
1002
241
1
232 234 235 236 241 244 245 248 260 263 267 270 281 291 296 298 314 316 321 343 353 361 362 391 397 406 412 415 416 428 435 436 439 440 443 456 457 467 471 503 515 521 528 553 556 559 565 577 579 581 604 622 623 625 627 644 654 655 660 669 670 675 681 684 701 703 704 705 707 712 716 727 730 735 739 740 758 773 778 788 812 813 829 831 839 842 845 850 869 873 880 892 920 926 927 932 935 944 945 953 965 978 985 987 993 998 1002 
0
1002
0
1
1002
1002
1002
0
1002
229 232 234 235 236 241 244 245 248 260 263 267 270 281 291 296 298 314 316 321 343 353 361 362 391 397 406 412 415 416 428 435 436 439 440 443 456 457 467 471 503 515 521 528 553 556 559 565 577 579 581 604 622 623 625 627 644 654 655 660 669 670 675 681 684 701 703 704 705 707 712 716 727 730 735 739 740 758 773 778 788 812 813 829 831 839 842 845 850 869 873 880 892 920 926 927 932 935 944 945 953 965 978 985 987 993 998 1002 
0
1002
229
1002
0
0
229 232 234 235 236 241 244 245 248 260 263 267 270 281 291 296 298 314 316 321 343 353 361 362 391 397 406 412 415 416 428 435 436 439 440 443 456 457 467 471 503 515 521 528 553 556 559 565 577 579 581 604 622 623 625 627 644 654 655 660 669 670 675 681 684 701 703 704 705 707 712 716 727 730 735 739 740 758 773 778 788 812 813 829 831 839 842 845 850 869 873 880 892 920 926 927 932 935 944 945 953 965 978 985 987 993 998 1002 
229 232 234 235 236 241 244 245 248 260 263 267 270 281 291 296 298 314 316 321 343 353 361 362 391 397 406 412 415 416 428 435 436 439 440 443 456 457 467 471 503 515 521 528 553 556 559 565 577 579 581 604 622 623 625 627 644 654 655 660 669 670 675 681 684 701 703 704 705 707 712 716 727 730 735 739 740 758 773 778 788 812 813 829 831 839 842 845 850 869 873 880 892 920 926 927 932 935 944 945 953 965 978 985 987 993 998 1002 
1002
1002
1002
0
203 206 229 232 234 235 236 241 244 245 248 260 263 267 270 281 291 296 298 314 316 321 343 353 361 362 391 397 406 412 415 416 428 435 436 439 440 443 456 457 467 471 503 515 521 528 553 556 559 565 577 579 581 604 622 623 625 627 644 654 655 660 669 670 675 681 684 701 703 704 705 707 712 716 727 730 735 739 740 758 773 778 788 812 813 829 831 839 842 845 850 869 873 880 892 920 926 927 932 935 944 945 953 965 978 985 987 993 998 1002 
0
1002
0
1
198 203 206 229 232 234 235 236 241 244 245 248 260 263 267 270 281 291 296 298 314 316 321 343 353 361 362 391 397 406 412 415 416 428 435 436 439 440 443 456 457 467 471 503 515 521 528 553 556 559 565 577 579 581 604 622 623 625 627 644 654 655 660 669 670 675 681 684 701 703 704 705 707 712 716 727 730 735 739 740 758 773 778 788 812 813 829 831 839 842 845 850 869 873 880 892 920 926 927 932 935 944 945 953 965 978 985 987 993 998 1002 
0
1002
198
198
0
188 198 203 206 229 232 234 235 236 241 244 245 248 260 263 267 270 281 291 296 298 314 316 321 343 353 361 362 391 397 406 412 415 416 428 435 436 439 440 443 456 457 467 471 503 515 521 528 553 556 559 565 577 579 581 604 622 623 625 627 644 654 655 660 669 670 675 681 684 701 703 704 705 707 712 716 727 730 735 739 740 758 773 778 788 812 813 829 831 839 842 845 850 869 873 880 892 920 926 927 932 935 944 945 953 965 978 985 987 993 998 1002 
1002
1
0
183
0
183
183
0
183 188 198 203 206 229 232 234 235 236 241 244 245 248 260 263 267 270 281 291 296 298 314 316 321 343 353 361 362 391 397 406 412 415 416 428 435 436 439 440 443 456 457 467 471 503 515 521 528 553 556 559 565 577 579 581 604 622 623 625 627 644 654 655 660 669 670 675 681 684 701 703 704 705 707 712 716 727 730 735 739 740 758 773 778 788 812 813 829 831 839 842 845 850 869 873 880 892 920 926 927 932 935 944 945 953 965 978 985 987 993 998 1002 
172 174 183 188 198 203 206 229 232 234 235 236 241 244 245 248 260 263 267 270 281 291 296 298 314 316 321 343 353 361 362 391 397 406 412 415 416 428 435 436 439 440 443 456 457 467 471 503 515 521 528 553 556 559 565 577 579 581 604 622 623 625 627 644 654 655 660 669 670 675 681 684 701 703 704 705 707 712 716 727 730 735 739 740 758 773 778 788 812 813 829 831 839 842 845 850 869 873 880 892 920 926 927 932 935 944 945 953 965 978 985 987 993 998 1002 
1002
1002
1002
172
172
0
1002
1002
172
1002
172 174 183 188 198 203 206 229 232 234 235 236 241 244 245 248 260 263 267 270 281 291 296 298 314 316 321 343 353 361 362 391 397 406 412 415 416 428 435 436 439 440 443 456 457 467 471 503 515 521 528 553 556 559 565 577 579 581 604 622 623 625 627 644 654 655 660 669 670 675 681 684 701 703 704 705 707 712 716 727 730 735 739 740 758 773 778 788 812 813 829 831 839 842 845 850 869 873 880 892 920 926 927 932 935 944 945 953 965 978 985 987 993 998 1002 
1
151 153 172 174 183 188 198 203 206 229 232 234 235 236 241 244 245 248 260 263 267 270 281 291 296 298 314 316 321 343 353 361 362 391 397 406 412 415 416 428 435 436 439 440 443 456 457 467 471 503 515 521 528 553 556 559 565 577 579 581 604 622 623 625 627 644 654 655 660 669 670 675 681 684 701 703 704 705 707 712 716 727 730 735 739 740 758 773 778 788 812 813 829 831 839 842 845 850 869 873 880 892 920 926 927 932 935 944 945 953 965 978 985 987 993 998 1002 
151
145 151 153 172 174 183 188 198 203 206 229 232 234 235 236 241 244 245 248 260 263 267 270 281 291 296 298 314 316 321 343 353 361 362 391 397 406 412 415 416 428 435 436 439 440 443 456 457 467 471 503 515 521 528 553 556 559 565 577 579 581 604 622 623 625 627 644 654 655 660 669 670 675 681 684 701 703 704 705 707 712 716 727 730 735 739 740 758 773 778 788 812 813 829 831 839 842 845 850 869 873 880 892 920 926 927 932 935 944 945 953 965 978 985 987 993 998 1002 
145 151 153 172 174 183 188 198 203 206 229 232 234 235 236 241 244 245 248 260 263 267 270 281 291 296 298 314 316 321 343 353 361 362 391 397 406 412 415 416 428 435 436 439 440 443 456 457 467 471 503 515 521 528 553 556 559 565 577 579 581 604 622 623 625 627 644 654 655 660 669 670 675 681 684 701 703 704 705 707 712 716 727 730 735 739 740 758 773 778 788 812 813 829 831 839 842 845 850 869 873 880 892 920 926 927 932 935 944 945 953 965 978 985 987 993 998 1002 
145
139
139 145 151 153 172 174 183 188 198 203 206 229 232 234 235 236 241 244 245 248 260 263 267 270 281 291 296 298 314 316 321 343 353 361 362 391 397 406 412 415 416 428 435 436 439 440 443 456 457 467 471 503 515 521 528 553 556 559 565 577 579 581 604 622 623 625 627 644 654 655 660 669 670 675 681 684 701 703 704 705 707 712 716 727 730 735 739 740 758 773 778 788 812 813 829 831 839 842 845 850 869 873 880 892 920 926 927 932 935 944 945 953 965 978 985 987 993 998 1002 
145
145 151 153 172 174 183 188 198 203 206 229 232 234 235 236 241 244 245 248 260 263 267 270 281 291 296 298 314 316 321 343 353 361 362 391 397 406 412 415 416 428 435 436 439 440 443 456 457 467 471 503 515 521 528 553 556 559 565 577 579 581 604 622 623 625 627 644 654 655 660 669 670 675 681 684 701 703 704 705 707 712 716 727 730 735 739 740 758 773 778 788 812 813 829 831 839 842 845 850 869 873 880 892 920 926 927 932 935 944 945 953 965 978 985 987 993 998 1002 
145
145 151 153 172 174 183 188 198 203 206 229 232 234 235 236 241 244 245 248 260 263 267 270 281 291 296 298 314 316 321 343 353 361 362 391 397 406 412 415 416 428 435 436 439 440 443 456 457 467 471 503 515 521 528 553 556 559 565 577 579 581 604 622 623 625 627 644 654 655 660 669 670 675 681 684 701 703 704 705 707 712 716 727 730 735 739 740 758 773 778 788 812 813 829 831 839 842 845 850 869 873 880 892 920 926 927 932 935 944 945 953 965 978 985 987 993 998 1002 
145 151 153 172 174 183 188 198 203 206 229 232 234 235 236 241 244 245 248 260 263 267 270 281 291 296 298 314 316 321 343 353 361 362 391 397 406 412 415 416 428 435 436 439 440 443 456 457 467 471 503 515 521 528 553 556 559 565 577 579 581 604 622 623 625 627 644 654 655 660 669 670 675 681 684 701 703 704 705 707 712 716 727 730 735 739 740 758 773 778 788 812 813 829 831 839 842 845 850 869 873 880 892 920 926 927 932 935 944 945 953 965 978 985 987 993 998 1002 
0
0
1002
0
145 151 153 172 174 183 188 198 203 206 229 232 234 235 236 241 244 245 248 260 263 267 270 281 291 296 298 314 316 321 343 353 361 362 391 397 406 412 415 416 428 435 436 439 440 443 456 457 467 471 503 515 521 528 553 556 559 565 577 579 581 604 622 623 625 627 644 654 655 660 669 670 675 681 684 701 703 704 705 707 712 716 727 730 735 739 740 758 773 778 788 812 813 829 831 839 842 845 850 869 873 880 892 920 926 927 932 935 944 945 953 965 978 985 987 993 998 1002 
1002
0
145 151 153 172 174 183 188 198 203 206 229 232 234 235 236 241 244 245 248 260 263 267 270 281 291 296 298 314 316 321 343 353 361 362 391 397 406 412 415 416 428 435 436 439 440 443 456 457 467 471 503 515 521 528 553 556 559 565 577 579 581 604 622 623 625 627 644 654 655 660 669 670 675 681 684 701 703 704 705 707 712 716 727 730 735 739 740 758 773 778 788 812 813 829 831 839 842 845 850 869 873 880 892 920 926 927 932 935 944 945 953 965 978 985 987 993 998 1002 
145
0
113
1002
0
1002
1002
115
115
115 145 151 153 172 174 183 188 198 203 206 229 232 234 235 236 241 244 245 248 260 263 267 270 281 291 296 298 314 316 321 343 353 361 362 391 397 406 412 415 416 428 435 436 439 440 443 456 457 467 471 503 515 521 528 553 556 559 565 577 579 581 604 622 623 625 627 644 654 655 660 669 670 675 681 684 701 703 704 705 707 712 716 727 730 735 739 740 758 773 778 788 812 813 829 831 839 842 845 850 869 873 880 892 920 926 927 932 935 944 945 953 965 978 985 987 993 998 1002 
100 101 102 115 145 151 153 172 174 183 188 198 203 206 229 232 234 235 236 241 244 245 248 260 263 267 270 281 291 296 298 314 316 321 343 353 361 362 391 397 406 412 415 416 428 435 436 439 440 443 456 457 467 471 503 515 521 528 553 556 559 565 577 579 581 604 622 623 625 627 644 654 655 660 669 670 675 681 684 701 703 704 705 707 712 716 727 730 735 739 740 758 773 778 788 812 813 829 831 839 842 845 850 869 873 880 892 920 926 927 932 935 944 945 953 965 978 985 987 993 998 1002 
1002
1002
92
1002
0
85
81 82 85 92 95 97 100 101 102 115 145 151 153 172 174 183 188 198 203 206 229 232 234 235 236 241 244 245 248 260 263 267 270 281 291 296 298 314 316 321 343 353 361 362 391 397 406 412 415 416 428 435 436 439 440 443 456 457 467 471 503 515 521 528 553 556 559 565 577 579 581 604 622 623 625 627 644 654 655 660 669 670 675 681 684 701 703 704 705 707 712 716 727 730 735 739 740 758 773 778 788 812 813 829 831 839 842 845 850 869 873 880 892 920 926 927 932 935 944 945 953 965 978 985 987 993 998 1002 
1
81 85 92 95 97 100 101 102 115 145 151 153 172 174 183 188 198 203 206 229 232 234 235 236 241 244 245 248 260 263 267 270 281 291 296 298 314 316 321 343 353 361 362 391 397 406 412 415 416 428 435 436 439 440 443 456 457 467 471 503 515 521 528 553 556 559 565 577 579 581 604 622 623 625 627 644 654 655 660 669 670 675 681 684 701 703 704 705 707 712 716 727 730 735 739 740 758 773 778 788 812 813 829 831 839 842 845 850 869 873 880 892 920 926 927 932 935 944 945 953 965 978 985 987 993 998 1002 
81
0
73 75 81 85 92 95 97 100 101 102 115 145 151 153 172 174 183 188 198 203 206 229 232 234 235 236 241 244 245 248 260 263 267 270 281 291 296 298 314 316 321 343 353 361 362 391 397 406 412 415 416 428 435 436 439 440 443 456 457 467 471 503 515 521 528 553 556 559 565 577 579 581 604 622 623 625 627 644 654 655 660 669 670 675 681 684 701 703 704 705 707 712 716 727 730 735 739 740 758 773 778 788 812 813 829 831 839 842 845 850 869 873 880 892 920 926 927 932 935 944 945 953 965 978 985 987 993 998 1002 
73 75 81 85 92 95 97 100 101 102 115 145 151 153 172 174 183 188 198 203 206 229 232 234 235 236 241 244 245 248 260 263 267 270 281 291 296 298 314 316 321 343 353 361 362 391 397 406 412 415 416 428 435 436 439 440 443 456 457 467 471 503 515 521 528 553 556 559 565 577 579 581 604 622 623 625 627 644 654 655 660 669 670 675 681 684 701 703 704 705 707 712 716 727 730 735 739 740 758 773 778 788 812 813 829 831 839 842 845 850 869 873 880 892 920 926 927 932 935 944 945 953 965 978 985 987 993 998 1002 
73
68
68
68 73 75 81 85 92 95 97 100 101 102 115 145 151 153 172 174 183 188 198 203 206 229 232 234 235 236 241 244 245 248 260 263 267 270 281 291 296 298 314 316 321 343 353 361 362 391 397 406 412 415 416 428 435 436 439 440 443 456 457 467 471 503 515 521 528 553 556 559 565 577 579 581 604 622 623 625 627 644 654 655 660 669 670 675 681 684 701 703 704 705 707 712 716 727 730 735 739 740 758 773 778 788 812 813 829 831 839 842 845 850 869 873 880 892 920 926 927 932 935 944 945 953 965 978 985 987 993 998 1002 
68
1002
0
54
1002
51 54 68 73 75 81 85 92 95 97 100 101 102 115 145 151 153 172 174 183 188 198 203 206 229 232 234 235 236 241 244 245 248 260 263 267 270 281 291 296 298 314 316 321 343 353 361 362 391 397 406 412 415 416 428 435 436 439 440 443 456 457 467 471 503 515 521 528 553 556 559 565 577 579 581 604 622 623 625 627 644 654 655 660 669 670 675 681 684 701 703 704 705 707 712 716 727 730 735 739 740 758 773 778 788 812 813 829 831 839 842 845 850 869 873 880 892 920 926 927 932 935 944 945 953 965 978 985 987 993 998 1002 
1002
0
0
39
37 41 51 54 68 73 75 81 85 92 95 97 100 101 102 115 145 151 153 172 174 183 188 198 203 206 229 232 234 235 236 241 244 245 248 260 263 267 270 281 291 296 298 314 316 321 343 353 361 362 391 397 406 412 415 416 428 435 436 439 440 443 456 457 467 471 503 515 521 528 553 556 559 565 577 579 581 604 622 623 625 627 644 654 655 660 669 670 675 681 684 701 703 704 705 707 712 716 727 730 735 739 740 758 773 778 788 812 813 829 831 839 842 845 850 869 873 880 892 920 926 927 932 935 944 945 953 965 978 985 987 993 998 1002 
0
34 37 41 51 54 68 73 75 81 85 92 95 97 100 101 102 115 145 151 153 172 174 183 188 198 203 206 229 232 234 235 236 241 244 245 248 260 263 267 270 281 291 296 298 314 316 321 343 353 361 362 391 397 406 412 415 416 428 435 436 439 440 443 456 457 467 471 503 515 521 528 553 556 559 565 577 579 581 604 622 623 625 627 644 654 655 660 669 670 675 681 684 701 703 704 705 707 712 716 727 730 735 739 740 758 773 778 788 812 813 829 831 839 842 845 850 869 873 880 892 920 926 927 932 935 944 945 953 965 978 985 987 993 998 1002 
34 37 41 51 54 68 73 75 81 85 92 95 97 100 101 102 115 145 151 153 172 174 183 188 198 203 206 229 232 234 235 236 241 244 245 248 260 263 267 270 281 291 296 298 314 316 321 343 353 361 362 391 397 406 412 415 416 428 435 436 439 440 443 456 457 467 471 503 515 521 528 553 556 559 565 577 579 581 604 622 623 625 627 644 654 655 660 669 670 675 681 684 701 703 704 705 707 712 716 727 730 735 739 740 758 773 778 788 812 813 829 831 839 842 845 850 869 873 880 892 920 926 927 932 935 944 945 953 965 978 985 987 993 998 1002 
1002
29
0
1002
1002
20
18
18 20 34 37 41 51 54 68 73 75 81 85 92 95 97 100 101 102 115 145 151 153 172 174 183 188 198 203 206 229 232 234 235 236 241 244 245 248 260 263 267 270 281 291 296 298 314 316 321 343 353 361 362 391 397 406 412 415 416 428 435 436 439 440 443 456 457 467 471 503 515 521 528 553 556 559 565 577 579 581 604 622 623 625 627 644 654 655 660 669 670 675 681 684 701 703 704 705 707 712 716 727 730 735 739 740 758 773 778 788 812 813 829 831 839 842 845 850 869 873 880 892 920 926 927 932 935 944 945 953 965 978 985 987 993 998 1002 
0
0
12
9
1002
2 4 5 6 9 10 12 20 34 37 41 51 54 68 73 75 81 85 92 95 97 100 101 102 115 145 151 153 172 174 183 188 198 203 206 229 232 234 235 236 241 244 245 248 260 263 267 270 281 291 296 298 314 316 321 343 353 361 362 391 397 406 412 415 416 428 435 436 439 440 443 456 457 467 471 503 515 521 528 553 556 559 565 577 579 581 604 622 623 625 627 644 654 655 660 669 670 675 681 684 701 703 704 705 707 712 716 727 730 735 739 740 758 773 778 788 812 813 829 831 839 842 845 850 869 873 880 892 920 926 927 932 935 944 945 953 965 978 985 987 993 998 1002 
1002
